<?xml version="1.0" encoding="UTF-8"?>
<testng-results ignored="0" total="1" passed="1" failed="0" skipped="0">
  <reporter-output>
  </reporter-output>
  <suite started-at="2023-08-18T12:10:47 IST" name="Default suite" finished-at="2023-08-18T12:10:47 IST" duration-ms="42">
    <groups>
    </groups>
    <test started-at="2023-08-18T12:10:47 IST" name="Default test" finished-at="2023-08-18T12:10:47 IST" duration-ms="42">
      <class name="JenkinsPractice.CreateUser">
        <test-method signature="createUser()[pri:0, instance:JenkinsPractice.CreateUser@59662a0b]" started-at="2023-08-18T12:10:47 IST" name="createUser" finished-at="2023-08-18T12:10:47 IST" duration-ms="12" status="PASS">
          <reporter-output>
          </reporter-output>
        </test-method> <!-- createUser -->
      </class> <!-- JenkinsPractice.CreateUser -->
    </test> <!-- Default test -->
  </suite> <!-- Default suite -->
</testng-results>
